<?xml version="1.0" encoding="UTF-8"?>
<!-- Generated by org.testng.reporters.JUnitReportReporter -->
<testsuite hostname="RO-CHGN5X3" failures="0" tests="1" name="tests.PageTitleTest" time="8.098" errors="0" timestamp="02 Apr 2024 07:12:27 GMT" skipped="0">
  <testcase classname="tests.PageTitleTest" name="PageTitleTest" time="8.098"/>
</testsuite> <!-- tests.PageTitleTest -->
