<?xml version="1.0" encoding="UTF-8"?>
<!-- Generated by org.testng.reporters.JUnitReportReporter -->
<testsuite hostname="RO-CHGN5X3" failures="0" tests="1" name="tests.CookieAccAll" time="13.215" errors="0" timestamp="01 Apr 2024 17:18:49 GMT" skipped="0">
  <testcase classname="tests.CookieAccAll" name="emagCookieAdmPref" time="13.215"/>
</testsuite> <!-- tests.CookieAccAll -->
