<?xml version="1.0" encoding="UTF-8"?>
<!-- Generated by org.testng.reporters.JUnitReportReporter -->
<testsuite hostname="RO-CHGN5X3" failures="0" tests="1" name="tests.EmagSearchTest" time="2.668" errors="0" timestamp="01 Apr 2024 14:19:59 GMT" skipped="0">
  <testcase classname="tests.EmagSearchTest" name="emagSearchTest" time="2.668"/>
</testsuite> <!-- tests.EmagSearchTest -->
