<?xml version="1.0" encoding="UTF-8"?>
<!-- Generated by org.testng.reporters.JUnitReportReporter -->
<testsuite hostname="RO-CHGN5X3" failures="0" tests="1" name="tests.ExpandMegaMenu" time="19.357" errors="0" timestamp="19 Apr 2024 11:35:50 GMT" skipped="0">
  <testcase classname="tests.ExpandMegaMenu" name="hover_Menu" time="19.357"/>
</testsuite> <!-- tests.ExpandMegaMenu -->
