<?xml version="1.0" encoding="UTF-8"?>
<!-- Generated by org.testng.reporters.JUnitReportReporter -->
<testsuite hostname="RO-CHGN5X3" failures="0" tests="1" name="tests.EmagHomePage" time="3.566" errors="0" timestamp="01 Apr 2024 10:03:47 GMT" skipped="0">
  <testcase classname="tests.EmagHomePage" name="emagSearchTest" time="3.566"/>
</testsuite> <!-- tests.EmagHomePage -->
