<?xml version="1.0" encoding="UTF-8"?>
<!-- Generated by org.testng.reporters.JUnitReportReporter -->
<testsuite hostname="RO-CHGN5X3" failures="0" tests="1" name="test.ExtentReportsDemo_TestNG" time="2.550" errors="0" timestamp="01 Apr 2024 07:58:48 GMT" skipped="0">
  <testcase classname="test.ExtentReportsDemo_TestNG" name="test1" time="2.550"/>
</testsuite> <!-- test.ExtentReportsDemo_TestNG -->
