<?xml version="1.0" encoding="UTF-8"?>
<!-- Generated by org.testng.reporters.JUnitReportReporter -->
<testsuite hostname="RO-CHGN5X3" failures="0" tests="1" name="test.EmagSearchPageTest_NGDemo" time="3.164" errors="0" timestamp="01 Apr 2024 06:35:49 GMT" skipped="0">
  <testcase classname="test.EmagSearchPageTest_NGDemo" name="emagSearchTest" time="3.164"/>
</testsuite> <!-- test.EmagSearchPageTest_NGDemo -->
